The system is: Linux - 4.4.0-19041-Microsoft - x86_64
Compiling the C compiler identification source file "CMakeCCompilerId.c" succeeded.
Compiler: /usr/bin/cc 
Build flags: 
Id flags:  

The output was:
0


Compilation of the C compiler identification source "CMakeCCompilerId.c" produced "a.out"

The C compiler identification is GNU, found in "/mnt/c/Users/pavel/Desktop/IVS/assignment/build/CMakeFiles/3.16.3/CompilerIdC/a.out"

Determining if the C compiler works passed with the following output:
Change Dir: /mnt/c/Users/pavel/Desktop/IVS/assignment/build/CMakeFiles/CMakeTmp

Run Build Command(s):/usr/bin/make cmTC_35e37/fast && /usr/bin/make -f CMakeFiles/cmTC_35e37.dir/build.make CMakeFiles/cmTC_35e37.dir/build
make[1]: Entering directory '/mnt/c/Users/pavel/Desktop/IVS/assignment/build/CMakeFiles/CMakeTmp'
Building C object CMakeFiles/cmTC_35e37.dir/testCCompiler.c.o
/usr/bin/cc    -o CMakeFiles/cmTC_35e37.dir/testCCompiler.c.o   -c /mnt/c/Users/pavel/Desktop/IVS/assignment/build/CMakeFiles/CMakeTmp/testCCompiler.c
Linking C executable cmTC_35e37
/usr/bin/cmake -E cmake_link_script CMakeFiles/cmTC_35e37.dir/link.txt --verbose=1
/usr/bin/cc      -rdynamic CMakeFiles/cmTC_35e37.dir/testCCompiler.c.o  -o cmTC_35e37 
make[1]: Leaving directory '/mnt/c/Users/pavel/Desktop/IVS/assignment/build/CMakeFiles/CMakeTmp'



Compiling the CXX compiler identification source file "CMakeCXXCompilerId.cpp" succeeded.
Compiler: /usr/bin/c++ 
Build flags: 
Id flags:  

The output was:
0


Compilation of the CXX compiler identification source "CMakeCXXCompilerId.cpp" produced "a.out"

The CXX compiler identification is GNU, found in "/mnt/c/Users/pavel/Desktop/IVS/assignment/build/CMakeFiles/3.16.3/CompilerIdCXX/a.out"

Determining if the CXX compiler works passed with the following output:
Change Dir: /mnt/c/Users/pavel/Desktop/IVS/assignment/build/CMakeFiles/CMakeTmp

Run Build Command(s):/usr/bin/make cmTC_fc297/fast && /usr/bin/make -f CMakeFiles/cmTC_fc297.dir/build.make CMakeFiles/cmTC_fc297.dir/build
make[1]: Entering directory '/mnt/c/Users/pavel/Desktop/IVS/assignment/build/CMakeFiles/CMakeTmp'
Building CXX object CMakeFiles/cmTC_fc297.dir/testCXXCompiler.cxx.o
/usr/bin/c++     -o CMakeFiles/cmTC_fc297.dir/testCXXCompiler.cxx.o -c /mnt/c/Users/pavel/Desktop/IVS/assignment/build/CMakeFiles/CMakeTmp/testCXXCompiler.cxx
Linking CXX executable cmTC_fc297
/usr/bin/cmake -E cmake_link_script CMakeFiles/cmTC_fc297.dir/link.txt --verbose=1
/usr/bin/c++       -rdynamic CMakeFiles/cmTC_fc297.dir/testCXXCompiler.cxx.o  -o cmTC_fc297 
make[1]: Leaving directory '/mnt/c/Users/pavel/Desktop/IVS/assignment/build/CMakeFiles/CMakeTmp'



Determining if the include file pthread.h exists passed with the following output:
Change Dir: /mnt/c/Users/pavel/Desktop/IVS/assignment/build/CMakeFiles/CMakeTmp

Run Build Command(s):/usr/bin/make cmTC_e38f3/fast && /usr/bin/make -f CMakeFiles/cmTC_e38f3.dir/build.make CMakeFiles/cmTC_e38f3.dir/build
make[1]: Entering directory '/mnt/c/Users/pavel/Desktop/IVS/assignment/build/CMakeFiles/CMakeTmp'
Building C object CMakeFiles/cmTC_e38f3.dir/CheckIncludeFile.c.o
/usr/bin/cc   -g -O0 -fprofile-arcs -ftest-coverage    -o CMakeFiles/cmTC_e38f3.dir/CheckIncludeFile.c.o   -c /mnt/c/Users/pavel/Desktop/IVS/assignment/build/CMakeFiles/CMakeTmp/CheckIncludeFile.c
Linking C executable cmTC_e38f3
/usr/bin/cmake -E cmake_link_script CMakeFiles/cmTC_e38f3.dir/link.txt --verbose=1
/usr/bin/cc  -g -O0 -fprofile-arcs -ftest-coverage     -rdynamic CMakeFiles/cmTC_e38f3.dir/CheckIncludeFile.c.o  -o cmTC_e38f3 
make[1]: Leaving directory '/mnt/c/Users/pavel/Desktop/IVS/assignment/build/CMakeFiles/CMakeTmp'



Determining if the function pthread_create exists in the pthread passed with the following output:
Change Dir: /mnt/c/Users/pavel/Desktop/IVS/assignment/build/CMakeFiles/CMakeTmp

Run Build Command(s):/usr/bin/make cmTC_a4acf/fast && /usr/bin/make -f CMakeFiles/cmTC_a4acf.dir/build.make CMakeFiles/cmTC_a4acf.dir/build
make[1]: Entering directory '/mnt/c/Users/pavel/Desktop/IVS/assignment/build/CMakeFiles/CMakeTmp'
Building C object CMakeFiles/cmTC_a4acf.dir/CheckFunctionExists.c.o
/usr/bin/cc   -g -O0 -fprofile-arcs -ftest-coverage -DCHECK_FUNCTION_EXISTS=pthread_create   -o CMakeFiles/cmTC_a4acf.dir/CheckFunctionExists.c.o   -c /usr/share/cmake-3.16/Modules/CheckFunctionExists.c
Linking C executable cmTC_a4acf
/usr/bin/cmake -E cmake_link_script CMakeFiles/cmTC_a4acf.dir/link.txt --verbose=1
/usr/bin/cc  -g -O0 -fprofile-arcs -ftest-coverage -DCHECK_FUNCTION_EXISTS=pthread_create    -rdynamic CMakeFiles/cmTC_a4acf.dir/CheckFunctionExists.c.o  -o cmTC_a4acf  -lpthread 
make[1]: Leaving directory '/mnt/c/Users/pavel/Desktop/IVS/assignment/build/CMakeFiles/CMakeTmp'



